<?xml version="1.0" encoding="UTF-8" ?>
<testsuites id="2026-09-23" name="report_1" tests="1" failures="1" skipped="0" flaky="0" time="0.000">
	<testsuite id="0" name="AlchemonDataBaseTest" package="test/DATABASE/Alchemons" timestamp="2026-09-23T11:50:31" hostname="localhost" tests="1" failures="1" errors="0" skipped="0" flaky="0" time="0.015">
		<testcase name="test_get_by_id" classname="AlchemonDataBaseTest" time="0.006">
			<failure message="FAILED: res://test/DATABASE/Alchemons/AlchemonDataBaseTest.gd:13" type="FAILURE">
<![CDATA[
Test not implemented!
	at 'test_get_by_id' in res://test/DATABASE/Alchemons/AlchemonDataBaseTest.gd:13
]]>
			</failure>
		</testcase>
	</testsuite>
</testsuites>
